<?xml version="1.0" encoding="UTF-8"?>
<!-- Generated by org.testng.reporters.JUnitReportReporter -->
<testsuite hostname="easyway" failures="0" tests="1" name="Testcases.ExtentReportGeneration" time="8.469" errors="0" timestamp="2020-06-09T10:43:26 IST" skipped="0">
  <testcase classname="Testcases.ExtentReportGeneration" name="ExtentDemo" time="8.469"/>
  <system-out/>
</testsuite> <!-- Testcases.ExtentReportGeneration -->
