<?xml version="1.0" encoding="UTF-8"?>
<!-- Generated by org.testng.reporters.JUnitReportReporter -->
<testsuite hostname="easyway" failures="0" tests="1" name="Testcases.HandlingMultipleWindows" time="3.440" errors="0" timestamp="2020-06-04T15:42:10 IST" skipped="0">
  <testcase classname="Testcases.HandlingMultipleWindows" name="HandlingMutipleWindows" time="3.440"/>
  <system-out/>
</testsuite> <!-- Testcases.HandlingMultipleWindows -->
