<?xml version="1.0" encoding="UTF-8"?>
<!-- Generated by org.testng.reporters.JUnitReportReporter -->
<testsuite hostname="easyway" failures="0" tests="1" name="Testcases.HeadLessBrowserTesting" time="4.523" errors="0" timestamp="2020-06-04T19:10:58 IST" skipped="0">
  <testcase classname="Testcases.HeadLessBrowserTesting" name="f" time="4.523"/>
  <system-out/>
</testsuite> <!-- Testcases.HeadLessBrowserTesting -->
