<?xml version="1.0" encoding="UTF-8"?>
<!-- Generated by org.testng.reporters.JUnitReportReporter -->
<testsuite hostname="easyway" failures="0" tests="1" name="Testcases.HandlingFrames" time="1.579" errors="0" timestamp="2020-06-03T20:11:58 IST" skipped="0">
  <testcase classname="Testcases.HandlingFrames" name="Handlingframes" time="1.579"/>
  <system-out/>
</testsuite> <!-- Testcases.HandlingFrames -->
