<?xml version="1.0" encoding="UTF-8"?>
<!-- Generated by org.testng.reporters.JUnitReportReporter -->
<testsuite hostname="easyway" failures="0" tests="1" name="Testcases.NavigationsandScreenshot" time="16.283" errors="0" timestamp="2020-06-04T14:49:29 IST" skipped="0">
  <testcase classname="Testcases.NavigationsandScreenshot" name="BrowserNavigations" time="16.283"/>
  <system-out/>
</testsuite> <!-- Testcases.NavigationsandScreenshot -->
