<?xml version="1.0" encoding="UTF-8"?>
<!-- Generated by org.testng.reporters.JUnitReportReporter -->
<testsuite hostname="easyway" failures="0" tests="1" name="Testcases.HandlingObjectRepository" time="21.303" errors="0" timestamp="2020-06-04T17:10:43 IST" skipped="0">
  <testcase classname="Testcases.HandlingObjectRepository" name="HandlingObjectRepository" time="21.303"/>
  <system-out/>
</testsuite> <!-- Testcases.HandlingObjectRepository -->
