<?xml version="1.0" encoding="UTF-8"?>
<!-- Generated by org.testng.reporters.JUnitReportReporter -->
<testsuite hostname="easyway" failures="0" tests="1" name="Testcases.HandlingJavaScriptExecutor" time="9.209" errors="0" timestamp="2020-06-04T20:04:20 IST" skipped="0">
  <testcase classname="Testcases.HandlingJavaScriptExecutor" name="HandlingJavaScriptExecutor" time="9.209"/>
  <system-out/>
</testsuite> <!-- Testcases.HandlingJavaScriptExecutor -->
