<?xml version="1.0" encoding="UTF-8"?>
<!-- Generated by org.testng.reporters.JUnitReportReporter -->
<testsuite hostname="easyway" failures="0" tests="1" name="Testcases.HandlingJSAlertandPopup" time="5.607" errors="0" timestamp="2020-06-03T17:58:15 IST" skipped="0">
  <testcase classname="Testcases.HandlingJSAlertandPopup" name="HandlingAlertPopups" time="5.607"/>
  <system-out/>
</testsuite> <!-- Testcases.HandlingJSAlertandPopup -->
